<?xml version="1.0" encoding="UTF-8"?>
<testng-results skipped="0" failed="0" ignored="0" total="1" passed="1">
  <reporter-output>
  </reporter-output>
  <suite name="Minduola Login Page Test Suite" duration-ms="145143" started-at="2018-09-07T13:49:43Z" finished-at="2018-09-07T13:52:08Z">
    <groups>
      <group name="cucumber">
        <method signature="AbstractTestNGCucumberTests.feature(cucumber.api.testng.CucumberFeatureWrapper)[pri:0, instance:com.mindoula.test.TestCareExtenders@3e9b1010]" name="feature" class="cucumber.api.testng.AbstractTestNGCucumberTests"/>
      </group> <!-- cucumber -->
    </groups>
    <test name="Login Page Test Cases" duration-ms="145143" started-at="2018-09-07T13:49:43Z" finished-at="2018-09-07T13:52:08Z">
      <class name="com.mindoula.test.TestCareExtenders">
        <test-method status="PASS" signature="setUpClass()[pri:0, instance:com.mindoula.test.TestCareExtenders@3e9b1010]" name="setUpClass" is-config="true" duration-ms="228" started-at="2018-09-07T23:49:43Z" finished-at="2018-09-07T23:49:43Z">
          <reporter-output>
          </reporter-output>
        </test-method> <!-- setUpClass -->
        <test-method status="PASS" signature="setup()[pri:0, instance:com.mindoula.test.TestCareExtenders@3e9b1010]" name="setup" is-config="true" duration-ms="12" started-at="2018-09-07T23:49:43Z" finished-at="2018-09-07T23:49:43Z">
          <reporter-output>
          </reporter-output>
        </test-method> <!-- setup -->
        <test-method status="PASS" signature="feature(cucumber.api.testng.CucumberFeatureWrapper)[pri:0, instance:com.mindoula.test.TestCareExtenders@3e9b1010]" name="feature" duration-ms="144245" started-at="2018-09-07T23:49:43Z" description="Runs Cucumber Feature" data-provider="features" finished-at="2018-09-07T23:52:08Z">
          <params>
            <param index="0">
              <value>
                <![CDATA[Verify Care Extender Creation]]>
              </value>
            </param>
          </params>
          <reporter-output>
          </reporter-output>
        </test-method> <!-- feature -->
        <test-method status="FAIL" signature="tearDown()[pri:0, instance:com.mindoula.test.TestCareExtenders@3e9b1010]" name="tearDown" is-config="true" duration-ms="0" started-at="2018-09-07T23:52:08Z" finished-at="2018-09-07T23:52:08Z">
          <exception class="java.lang.NullPointerException">
            <full-stacktrace>
              <![CDATA[java.lang.NullPointerException
	at com.mindoula.test.TestCareExtenders.tearDown(TestCareExtenders.java:60)
	at sun.reflect.NativeMethodAccessorImpl.invoke0(Native Method)
	at sun.reflect.NativeMethodAccessorImpl.invoke(NativeMethodAccessorImpl.java:62)
	at sun.reflect.DelegatingMethodAccessorImpl.invoke(DelegatingMethodAccessorImpl.java:43)
	at java.lang.reflect.Method.invoke(Method.java:498)
	at org.testng.internal.MethodInvocationHelper.invokeMethod(MethodInvocationHelper.java:108)
	at org.testng.internal.Invoker.invokeConfigurationMethod(Invoker.java:523)
	at org.testng.internal.Invoker.invokeConfigurations(Invoker.java:224)
	at org.testng.internal.Invoker.invokeConfigurations(Invoker.java:146)
	at org.testng.internal.TestMethodWorker.invokeAfterClassMethods(TestMethodWorker.java:212)
	at org.testng.internal.TestMethodWorker.run(TestMethodWorker.java:112)
	at org.testng.TestRunner.privateRun(TestRunner.java:744)
	at org.testng.TestRunner.run(TestRunner.java:602)
	at org.testng.SuiteRunner.runTest(SuiteRunner.java:380)
	at org.testng.SuiteRunner.runSequentially(SuiteRunner.java:375)
	at org.testng.SuiteRunner.privateRun(SuiteRunner.java:340)
	at org.testng.SuiteRunner.run(SuiteRunner.java:289)
	at org.testng.SuiteRunnerWorker.runSuite(SuiteRunnerWorker.java:52)
	at org.testng.SuiteRunnerWorker.run(SuiteRunnerWorker.java:86)
	at org.testng.TestNG.runSuitesSequentially(TestNG.java:1301)
	at org.testng.TestNG.runSuitesLocally(TestNG.java:1226)
	at org.testng.TestNG.runSuites(TestNG.java:1144)
	at org.testng.TestNG.run(TestNG.java:1115)
	at org.testng.remote.AbstractRemoteTestNG.run(AbstractRemoteTestNG.java:132)
	at org.testng.remote.RemoteTestNG.initAndRun(RemoteTestNG.java:230)
	at org.testng.remote.RemoteTestNG.main(RemoteTestNG.java:76)
]]>
            </full-stacktrace>
          </exception> <!-- java.lang.NullPointerException -->
          <reporter-output>
          </reporter-output>
        </test-method> <!-- tearDown -->
        <test-method status="PASS" signature="tearDownClass()[pri:0, instance:com.mindoula.test.TestCareExtenders@3e9b1010]" name="tearDownClass" is-config="true" duration-ms="500" started-at="2018-09-07T23:52:08Z" finished-at="2018-09-07T23:52:08Z">
          <reporter-output>
          </reporter-output>
        </test-method> <!-- tearDownClass -->
      </class> <!-- com.mindoula.test.TestCareExtenders -->
    </test> <!-- Login Page Test Cases -->
  </suite> <!-- Minduola Login Page Test Suite -->
</testng-results>
