<?xml version="1.0" encoding="UTF-8"?>
<!-- Generated by org.testng.reporters.JUnitXMLReporter -->
<testsuite hostname="DESKTOP-AG24SAE" ignored="0" name="Login Page Test Cases" tests="1" failures="0" timestamp="07 Sep 2018 13:52:08 GMT" time="145.143" errors="0">
  <testcase name="@AfterClass tearDown" time="0.0" classname="com.mindoula.test.TestCareExtenders">
    <failure type="java.lang.NullPointerException">
      <![CDATA[java.lang.NullPointerException
	at com.mindoula.test.TestCareExtenders.tearDown(TestCareExtenders.java:60)
... Removed 25 stack frames]]>
    </failure>
  </testcase> <!-- @AfterClass tearDown -->
  <testcase name="feature" time="144.245" classname="cucumber.api.testng.AbstractTestNGCucumberTests"/>
</testsuite> <!-- Login Page Test Cases -->
